[2020-04-30T14:19:20,606] <launcher> WARN  system - reload system.properties failed: file not found
[2020-04-30T14:19:20,610] <launcher> WARN  system - reload system.properties.bk failed: file not found
[2020-04-30T14:19:20,611] <launcher> INFO  system - *** Running for the first time, creating identity ***
[2020-04-30T14:19:20,611] <launcher> INFO  system - UUID: c0f54137-a072-4ba8-a835-e7c81e05ff0b
[2020-04-30T14:19:20,611] <launcher> WARN  system - reload system.properties failed: file not found
[2020-04-30T14:19:20,611] <launcher> WARN  system - reload system.properties.bk failed: file not found
[2020-04-30T14:19:20,617] <launcher> INFO  system - Reporter UUID:
[2020-04-30T14:19:21,046] <Tomcat-startStop-1> ERROR ContainerBase - A child container failed during start
java.util.concurrent.ExecutionException: org.apache.catalina.LifecycleException: Failed to start component [StandardEngine[Tomcat].StandardHost[localhost].StandardContext[]]
	at java.util.concurrent.FutureTask.report(FutureTask.java:122) ~[?:1.8.0_252]
	at java.util.concurrent.FutureTask.get(FutureTask.java:192) ~[?:1.8.0_252]
	at org.apache.catalina.core.ContainerBase.startInternal(ContainerBase.java:942) [tomcat-embed-core-8.5.34.jar:8.5.34]
	at org.apache.catalina.core.StandardHost.startInternal(StandardHost.java:872) [tomcat-embed-core-8.5.34.jar:8.5.34]
	at org.apache.catalina.util.LifecycleBase.start(LifecycleBase.java:150) [tomcat-embed-core-8.5.34.jar:8.5.34]
	at org.apache.catalina.core.ContainerBase$StartChild.call(ContainerBase.java:1420) [tomcat-embed-core-8.5.34.jar:8.5.34]
	at org.apache.catalina.core.ContainerBase$StartChild.call(ContainerBase.java:1410) [tomcat-embed-core-8.5.34.jar:8.5.34]
	at java.util.concurrent.FutureTask.run(FutureTask.java:266) [?:1.8.0_252]
	at java.util.concurrent.ThreadPoolExecutor.runWorker(ThreadPoolExecutor.java:1149) [?:1.8.0_252]
	at java.util.concurrent.ThreadPoolExecutor$Worker.run(ThreadPoolExecutor.java:624) [?:1.8.0_252]
	at java.lang.Thread.run(Thread.java:748) [?:1.8.0_252]
Caused by: org.apache.catalina.LifecycleException: Failed to start component [StandardEngine[Tomcat].StandardHost[localhost].StandardContext[]]
	at org.apache.catalina.util.LifecycleBase.start(LifecycleBase.java:167) ~[tomcat-embed-core-8.5.34.jar:8.5.34]
	... 6 more
Caused by: org.apache.catalina.LifecycleException: Failed to start component [org.apache.catalina.webresources.StandardRoot@4ba9c981]
	at org.apache.catalina.util.LifecycleBase.start(LifecycleBase.java:167) ~[tomcat-embed-core-8.5.34.jar:8.5.34]
	at org.apache.catalina.core.StandardContext.resourcesStart(StandardContext.java:4907) ~[tomcat-embed-core-8.5.34.jar:8.5.34]
	at org.apache.catalina.core.StandardContext.startInternal(StandardContext.java:5042) ~[tomcat-embed-core-8.5.34.jar:8.5.34]
	... 7 more
Caused by: java.lang.IllegalArgumentException: The main resource set specified [/Users/alex/Work/getcourage-packages/webapps/ROOT] is not valid
	at org.apache.catalina.webresources.StandardRoot.createMainResourceSet(StandardRoot.java:748) ~[tomcat-embed-core-8.5.34.jar:8.5.34]
	at org.apache.catalina.webresources.StandardRoot.startInternal(StandardRoot.java:706) ~[tomcat-embed-core-8.5.34.jar:8.5.34]
	at org.apache.catalina.util.LifecycleBase.start(LifecycleBase.java:150) ~[tomcat-embed-core-8.5.34.jar:8.5.34]
	at org.apache.catalina.core.StandardContext.resourcesStart(StandardContext.java:4907) ~[tomcat-embed-core-8.5.34.jar:8.5.34]
	at org.apache.catalina.core.StandardContext.startInternal(StandardContext.java:5042) ~[tomcat-embed-core-8.5.34.jar:8.5.34]
	... 7 more
[2020-04-30T14:19:21,052] <launcher> ERROR ContainerBase - A child container failed during start
java.util.concurrent.ExecutionException: org.apache.catalina.LifecycleException: Failed to start component [StandardEngine[Tomcat].StandardHost[localhost]]
	at java.util.concurrent.FutureTask.report(FutureTask.java:122) ~[?:1.8.0_252]
	at java.util.concurrent.FutureTask.get(FutureTask.java:192) ~[?:1.8.0_252]
	at org.apache.catalina.core.ContainerBase.startInternal(ContainerBase.java:942) [tomcat-embed-core-8.5.34.jar:8.5.34]
	at org.apache.catalina.core.StandardEngine.startInternal(StandardEngine.java:262) [tomcat-embed-core-8.5.34.jar:8.5.34]
	at org.apache.catalina.util.LifecycleBase.start(LifecycleBase.java:150) [tomcat-embed-core-8.5.34.jar:8.5.34]
	at org.apache.catalina.core.StandardService.startInternal(StandardService.java:422) [tomcat-embed-core-8.5.34.jar:8.5.34]
	at org.apache.catalina.util.LifecycleBase.start(LifecycleBase.java:150) [tomcat-embed-core-8.5.34.jar:8.5.34]
	at org.apache.catalina.core.StandardServer.startInternal(StandardServer.java:793) [tomcat-embed-core-8.5.34.jar:8.5.34]
	at org.apache.catalina.util.LifecycleBase.start(LifecycleBase.java:150) [tomcat-embed-core-8.5.34.jar:8.5.34]
	at org.apache.catalina.startup.Tomcat.start(Tomcat.java:366) [tomcat-embed-core-8.5.34.jar:8.5.34]
	at com.ubnt.net.OoOO.if(Unknown Source) [ace.jar:?]
	at com.ubnt.service.B.donew(Unknown Source) [ace.jar:?]
	at com.ubnt.ace.Launcher.main(Unknown Source) [ace.jar:?]
Caused by: org.apache.catalina.LifecycleException: Failed to start component [StandardEngine[Tomcat].StandardHost[localhost]]
	at org.apache.catalina.util.LifecycleBase.start(LifecycleBase.java:167) ~[tomcat-embed-core-8.5.34.jar:8.5.34]
	at org.apache.catalina.core.ContainerBase$StartChild.call(ContainerBase.java:1420) ~[tomcat-embed-core-8.5.34.jar:8.5.34]
	at org.apache.catalina.core.ContainerBase$StartChild.call(ContainerBase.java:1410) ~[tomcat-embed-core-8.5.34.jar:8.5.34]
	at java.util.concurrent.FutureTask.run(FutureTask.java:266) ~[?:1.8.0_252]
	at java.util.concurrent.ThreadPoolExecutor.runWorker(ThreadPoolExecutor.java:1149) ~[?:1.8.0_252]
	at java.util.concurrent.ThreadPoolExecutor$Worker.run(ThreadPoolExecutor.java:624) ~[?:1.8.0_252]
	at java.lang.Thread.run(Thread.java:748) ~[?:1.8.0_252]
Caused by: org.apache.catalina.LifecycleException: A child container failed during start
	at org.apache.catalina.core.ContainerBase.startInternal(ContainerBase.java:950) ~[tomcat-embed-core-8.5.34.jar:8.5.34]
	at org.apache.catalina.core.StandardHost.startInternal(StandardHost.java:872) ~[tomcat-embed-core-8.5.34.jar:8.5.34]
	at org.apache.catalina.util.LifecycleBase.start(LifecycleBase.java:150) ~[tomcat-embed-core-8.5.34.jar:8.5.34]
	at org.apache.catalina.core.ContainerBase$StartChild.call(ContainerBase.java:1420) ~[tomcat-embed-core-8.5.34.jar:8.5.34]
	at org.apache.catalina.core.ContainerBase$StartChild.call(ContainerBase.java:1410) ~[tomcat-embed-core-8.5.34.jar:8.5.34]
	at java.util.concurrent.FutureTask.run(FutureTask.java:266) ~[?:1.8.0_252]
	at java.util.concurrent.ThreadPoolExecutor.runWorker(ThreadPoolExecutor.java:1149) ~[?:1.8.0_252]
	at java.util.concurrent.ThreadPoolExecutor$Worker.run(ThreadPoolExecutor.java:624) ~[?:1.8.0_252]
	at java.lang.Thread.run(Thread.java:748) ~[?:1.8.0_252]
Caused by: java.util.concurrent.ExecutionException: org.apache.catalina.LifecycleException: Failed to start component [StandardEngine[Tomcat].StandardHost[localhost].StandardContext[]]
	at java.util.concurrent.FutureTask.report(FutureTask.java:122) ~[?:1.8.0_252]
	at java.util.concurrent.FutureTask.get(FutureTask.java:192) ~[?:1.8.0_252]
	at org.apache.catalina.core.ContainerBase.startInternal(ContainerBase.java:942) ~[tomcat-embed-core-8.5.34.jar:8.5.34]
	at org.apache.catalina.core.StandardHost.startInternal(StandardHost.java:872) ~[tomcat-embed-core-8.5.34.jar:8.5.34]
	at org.apache.catalina.util.LifecycleBase.start(LifecycleBase.java:150) ~[tomcat-embed-core-8.5.34.jar:8.5.34]
	at org.apache.catalina.core.ContainerBase$StartChild.call(ContainerBase.java:1420) ~[tomcat-embed-core-8.5.34.jar:8.5.34]
	at org.apache.catalina.core.ContainerBase$StartChild.call(ContainerBase.java:1410) ~[tomcat-embed-core-8.5.34.jar:8.5.34]
	at java.util.concurrent.FutureTask.run(FutureTask.java:266) ~[?:1.8.0_252]
	at java.util.concurrent.ThreadPoolExecutor.runWorker(ThreadPoolExecutor.java:1149) ~[?:1.8.0_252]
	at java.util.concurrent.ThreadPoolExecutor$Worker.run(ThreadPoolExecutor.java:624) ~[?:1.8.0_252]
	at java.lang.Thread.run(Thread.java:748) ~[?:1.8.0_252]
Caused by: org.apache.catalina.LifecycleException: Failed to start component [StandardEngine[Tomcat].StandardHost[localhost].StandardContext[]]
	at org.apache.catalina.util.LifecycleBase.start(LifecycleBase.java:167) ~[tomcat-embed-core-8.5.34.jar:8.5.34]
	at org.apache.catalina.core.ContainerBase$StartChild.call(ContainerBase.java:1420) ~[tomcat-embed-core-8.5.34.jar:8.5.34]
	at org.apache.catalina.core.ContainerBase$StartChild.call(ContainerBase.java:1410) ~[tomcat-embed-core-8.5.34.jar:8.5.34]
	at java.util.concurrent.FutureTask.run(FutureTask.java:266) ~[?:1.8.0_252]
	at java.util.concurrent.ThreadPoolExecutor.runWorker(ThreadPoolExecutor.java:1149) ~[?:1.8.0_252]
	at java.util.concurrent.ThreadPoolExecutor$Worker.run(ThreadPoolExecutor.java:624) ~[?:1.8.0_252]
	at java.lang.Thread.run(Thread.java:748) ~[?:1.8.0_252]
Caused by: org.apache.catalina.LifecycleException: Failed to start component [org.apache.catalina.webresources.StandardRoot@4ba9c981]
	at org.apache.catalina.util.LifecycleBase.start(LifecycleBase.java:167) ~[tomcat-embed-core-8.5.34.jar:8.5.34]
	at org.apache.catalina.core.StandardContext.resourcesStart(StandardContext.java:4907) ~[tomcat-embed-core-8.5.34.jar:8.5.34]
	at org.apache.catalina.core.StandardContext.startInternal(StandardContext.java:5042) ~[tomcat-embed-core-8.5.34.jar:8.5.34]
	at org.apache.catalina.util.LifecycleBase.start(LifecycleBase.java:150) ~[tomcat-embed-core-8.5.34.jar:8.5.34]
	at org.apache.catalina.core.ContainerBase$StartChild.call(ContainerBase.java:1420) ~[tomcat-embed-core-8.5.34.jar:8.5.34]
	at org.apache.catalina.core.ContainerBase$StartChild.call(ContainerBase.java:1410) ~[tomcat-embed-core-8.5.34.jar:8.5.34]
	at java.util.concurrent.FutureTask.run(FutureTask.java:266) ~[?:1.8.0_252]
	at java.util.concurrent.ThreadPoolExecutor.runWorker(ThreadPoolExecutor.java:1149) ~[?:1.8.0_252]
	at java.util.concurrent.ThreadPoolExecutor$Worker.run(ThreadPoolExecutor.java:624) ~[?:1.8.0_252]
	at java.lang.Thread.run(Thread.java:748) ~[?:1.8.0_252]
Caused by: java.lang.IllegalArgumentException: The main resource set specified [/Users/alex/Work/getcourage-packages/webapps/ROOT] is not valid
	at org.apache.catalina.webresources.StandardRoot.createMainResourceSet(StandardRoot.java:748) ~[tomcat-embed-core-8.5.34.jar:8.5.34]
	at org.apache.catalina.webresources.StandardRoot.startInternal(StandardRoot.java:706) ~[tomcat-embed-core-8.5.34.jar:8.5.34]
	at org.apache.catalina.util.LifecycleBase.start(LifecycleBase.java:150) ~[tomcat-embed-core-8.5.34.jar:8.5.34]
	at org.apache.catalina.core.StandardContext.resourcesStart(StandardContext.java:4907) ~[tomcat-embed-core-8.5.34.jar:8.5.34]
	at org.apache.catalina.core.StandardContext.startInternal(StandardContext.java:5042) ~[tomcat-embed-core-8.5.34.jar:8.5.34]
	at org.apache.catalina.util.LifecycleBase.start(LifecycleBase.java:150) ~[tomcat-embed-core-8.5.34.jar:8.5.34]
	at org.apache.catalina.core.ContainerBase$StartChild.call(ContainerBase.java:1420) ~[tomcat-embed-core-8.5.34.jar:8.5.34]
	at org.apache.catalina.core.ContainerBase$StartChild.call(ContainerBase.java:1410) ~[tomcat-embed-core-8.5.34.jar:8.5.34]
	at java.util.concurrent.FutureTask.run(FutureTask.java:266) ~[?:1.8.0_252]
	at java.util.concurrent.ThreadPoolExecutor.runWorker(ThreadPoolExecutor.java:1149) ~[?:1.8.0_252]
	at java.util.concurrent.ThreadPoolExecutor$Worker.run(ThreadPoolExecutor.java:624) ~[?:1.8.0_252]
	at java.lang.Thread.run(Thread.java:748) ~[?:1.8.0_252]
